[ 2015-08-28T16:07:51+08:00 ] 127.0.0.1 /
INFO: [ app_init ] --START--
INFO: Run Behavior\BuildLiteBehavior [ RunTime:0.000039s ]
SQL: SHOW COLUMNS FROM `request` [ RunTime:0.0005s ]
NOTIC: [8] Use of undefined constant IS_POST - assumed 'IS_POST' /var/www/newfunhubu/1/Application/Addon/Behaviors/RequestBehavior.class.php 第 18 行.
NOTIC: [8] Undefined index: query_string /var/www/newfunhubu/1/Application/Addon/Behaviors/RequestBehavior.class.php 第 24 行.
SQL: INSERT INTO `request` (`ip`,`user_agent`,`method`,`uri`,`query_string`) VALUES ('127.0.0.1','Mozilla/5.0 (X11; Linux x86_64; rv:38.0) Gecko/20100101 Firefox/38.0 Iceweasel/38.2.0','GET','/','') [ RunTime:0.0218s ]
INFO: Run Addon\Behaviors\RequestBehavior [ RunTime:0.132414s ]
INFO: [ app_init ] --END-- [ RunTime:0.144766s ]
INFO: [ app_begin ] --START--
INFO: Run Behavior\ReadHtmlCacheBehavior [ RunTime:0.000726s ]
SQL: SELECT * FROM `action` WHERE `isAvailable` = 1 AND `name` = 'Home/Index/index' LIMIT 1   [ RunTime:0.0120s ]
SQL: SHOW COLUMNS FROM `action_conf` [ RunTime:0.0006s ]
SQL: SELECT * FROM `action_conf` WHERE ( 1=1 AND action_id='1' ) LIMIT 1   [ RunTime:0.0004s ]
NOTIC: [8] Use of undefined constant ture - assumed 'ture' /var/www/newfunhubu/1/Application/Common/Common/function.php 第 5 行.
INFO: Run Addon\Behaviors\CheckBehavior [ RunTime:0.021421s ]
INFO: [ app_begin ] --END-- [ RunTime:0.022252s ]
INFO: [ view_parse ] --START--
INFO: Run Behavior\ParseTemplateBehavior [ RunTime:0.015238s ]
INFO: [ view_parse ] --END-- [ RunTime:0.015313s ]
INFO: [ view_filter ] --START--
INFO: Run Behavior\WriteHtmlCacheBehavior [ RunTime:0.011648s ]
INFO: [ view_filter ] --END-- [ RunTime:0.011699s ]
INFO: [ app_end ] --START--
INFO: Run Behavior\ShowPageTraceBehavior [ RunTime:0.000547s ]
INFO: [ app_end ] --END-- [ RunTime:0.000578s ]

[ 2015-08-28T16:19:35+08:00 ] 127.0.0.1 /
INFO: [ app_init ] --START--
INFO: Run Behavior\BuildLiteBehavior [ RunTime:0.000023s ]
SQL: SHOW COLUMNS FROM `request` [ RunTime:0.0008s ]
NOTIC: [8] Use of undefined constant IS_POST - assumed 'IS_POST' /var/www/newfunhubu/1/Application/Addon/Behaviors/RequestBehavior.class.php 第 18 行.
NOTIC: [8] Undefined index: query_string /var/www/newfunhubu/1/Application/Addon/Behaviors/RequestBehavior.class.php 第 24 行.
SQL: INSERT INTO `request` (`ip`,`user_agent`,`method`,`uri`,`query_string`) VALUES ('127.0.0.1','curl/7.38.0','GET','/','') [ RunTime:0.0002s ]
INFO: Run Addon\Behaviors\RequestBehavior [ RunTime:0.010680s ]
INFO: [ app_init ] --END-- [ RunTime:0.011144s ]
INFO: [ app_begin ] --START--
INFO: Run Behavior\ReadHtmlCacheBehavior [ RunTime:0.000520s ]
SQL: SELECT * FROM `action` WHERE `isAvailable` = 1 AND `name` = 'Home/Index/index' LIMIT 1   [ RunTime:0.0001s ]
SQL: SHOW COLUMNS FROM `action_conf` [ RunTime:0.0005s ]
SQL: SELECT * FROM `action_conf` WHERE ( 1=1 AND action_id='1' ) LIMIT 1   [ RunTime:0.0001s ]
NOTIC: [8] Use of undefined constant ture - assumed 'ture' /var/www/newfunhubu/1/Application/Common/Common/function.php 第 5 行.
INFO: Run Addon\Behaviors\CheckBehavior [ RunTime:0.003101s ]
INFO: [ app_begin ] --END-- [ RunTime:0.003707s ]
INFO: [ view_parse ] --START--
INFO: Run Behavior\ParseTemplateBehavior [ RunTime:0.000144s ]
INFO: [ view_parse ] --END-- [ RunTime:0.000199s ]
INFO: [ view_filter ] --START--
INFO: Run Behavior\WriteHtmlCacheBehavior [ RunTime:0.000131s ]
INFO: [ view_filter ] --END-- [ RunTime:0.000174s ]
INFO: [ app_end ] --START--
INFO: Run Behavior\ShowPageTraceBehavior [ RunTime:0.000513s ]
INFO: [ app_end ] --END-- [ RunTime:0.000563s ]

[ 2015-08-28T16:23:04+08:00 ] 127.0.0.1 /
INFO: [ app_init ] --START--
INFO: Run Behavior\BuildLiteBehavior [ RunTime:0.000018s ]
SQL: SHOW COLUMNS FROM `request` [ RunTime:0.0007s ]
NOTIC: [8] Use of undefined constant IS_POST - assumed 'IS_POST' /var/www/newfunhubu/1/Application/Addon/Behaviors/RequestBehavior.class.php 第 18 行.
NOTIC: [8] Undefined index: query_string /var/www/newfunhubu/1/Application/Addon/Behaviors/RequestBehavior.class.php 第 24 行.
SQL: INSERT INTO `request` (`ip`,`user_agent`,`method`,`uri`,`query_string`) VALUES ('127.0.0.1','curl/7.38.0','GET','/','') [ RunTime:0.0002s ]
INFO: Run Addon\Behaviors\RequestBehavior [ RunTime:0.012082s ]
INFO: [ app_init ] --END-- [ RunTime:0.012494s ]
INFO: [ app_begin ] --START--
INFO: Run Behavior\ReadHtmlCacheBehavior [ RunTime:0.000493s ]
SQL: SELECT * FROM `action` WHERE `isAvailable` = 1 AND `name` = 'Home/Index/index' LIMIT 1   [ RunTime:0.0001s ]
SQL: SHOW COLUMNS FROM `action_conf` [ RunTime:0.0006s ]
SQL: SELECT * FROM `action_conf` WHERE ( 1=1 AND action_id='1' ) LIMIT 1   [ RunTime:0.0001s ]
NOTIC: [8] Use of undefined constant ture - assumed 'ture' /var/www/newfunhubu/1/Application/Common/Common/function.php 第 5 行.
INFO: Run Addon\Behaviors\CheckBehavior [ RunTime:0.003223s ]
INFO: [ app_begin ] --END-- [ RunTime:0.003806s ]
INFO: [ view_parse ] --START--
INFO: Run Behavior\ParseTemplateBehavior [ RunTime:0.000142s ]
INFO: [ view_parse ] --END-- [ RunTime:0.000196s ]
INFO: [ view_filter ] --START--
INFO: Run Behavior\WriteHtmlCacheBehavior [ RunTime:0.000135s ]
INFO: [ view_filter ] --END-- [ RunTime:0.000178s ]
INFO: [ app_end ] --START--
INFO: Run Behavior\ShowPageTraceBehavior [ RunTime:0.000484s ]
INFO: [ app_end ] --END-- [ RunTime:0.000532s ]

[ 2015-08-28T16:25:32+08:00 ] 127.0.0.1 /
INFO: [ app_init ] --START--
INFO: Run Behavior\BuildLiteBehavior [ RunTime:0.000009s ]
SQL: SHOW COLUMNS FROM `request` [ RunTime:0.0005s ]
NOTIC: [8] Use of undefined constant IS_POST - assumed 'IS_POST' /var/www/newfunhubu/1/Application/Addon/Behaviors/RequestBehavior.class.php 第 18 行.
NOTIC: [8] Undefined index: query_string /var/www/newfunhubu/1/Application/Addon/Behaviors/RequestBehavior.class.php 第 24 行.
SQL: INSERT INTO `request` (`ip`,`user_agent`,`method`,`uri`,`query_string`) VALUES ('127.0.0.1','curl/7.38.0','GET','/','') [ RunTime:0.0001s ]
INFO: Run Addon\Behaviors\RequestBehavior [ RunTime:0.005527s ]
INFO: [ app_init ] --END-- [ RunTime:0.005726s ]
INFO: [ app_begin ] --START--
INFO: Run Behavior\ReadHtmlCacheBehavior [ RunTime:0.000280s ]
SQL: SELECT * FROM `action` WHERE `isAvailable` = 1 AND `name` = 'Home/Index/index' LIMIT 1   [ RunTime:0.0001s ]
SQL: SHOW COLUMNS FROM `action_conf` [ RunTime:0.0004s ]
SQL: SELECT * FROM `action_conf` WHERE ( 1=1 AND action_id='1' ) LIMIT 1   [ RunTime:0.0001s ]
NOTIC: [8] Use of undefined constant ture - assumed 'ture' /var/www/newfunhubu/1/Application/Common/Common/function.php 第 5 行.
INFO: Run Addon\Behaviors\CheckBehavior [ RunTime:0.001890s ]
INFO: [ app_begin ] --END-- [ RunTime:0.002219s ]
INFO: [ view_parse ] --START--
INFO: Run Behavior\ParseTemplateBehavior [ RunTime:0.000085s ]
INFO: [ view_parse ] --END-- [ RunTime:0.000115s ]
INFO: [ view_filter ] --START--
INFO: Run Behavior\WriteHtmlCacheBehavior [ RunTime:0.000074s ]
INFO: [ view_filter ] --END-- [ RunTime:0.000101s ]
INFO: [ app_end ] --START--
INFO: Run Behavior\ShowPageTraceBehavior [ RunTime:0.000277s ]
INFO: [ app_end ] --END-- [ RunTime:0.000306s ]

[ 2015-08-28T16:28:35+08:00 ] 127.0.0.1 /
INFO: [ app_init ] --START--
INFO: Run Behavior\BuildLiteBehavior [ RunTime:0.000010s ]
SQL: SHOW COLUMNS FROM `request` [ RunTime:0.0006s ]
NOTIC: [8] Use of undefined constant IS_POST - assumed 'IS_POST' /var/www/newfunhubu/1/Application/Addon/Behaviors/RequestBehavior.class.php 第 18 行.
NOTIC: [8] Undefined index: query_string /var/www/newfunhubu/1/Application/Addon/Behaviors/RequestBehavior.class.php 第 24 行.
SQL: INSERT INTO `request` (`ip`,`user_agent`,`method`,`uri`,`query_string`) VALUES ('127.0.0.1','Mozilla/5.0 (X11; Linux x86_64; rv:38.0) Gecko/20100101 Firefox/38.0 Iceweasel/38.2.0','GET','/','') [ RunTime:0.0002s ]
INFO: Run Addon\Behaviors\RequestBehavior [ RunTime:0.006012s ]
INFO: [ app_init ] --END-- [ RunTime:0.006223s ]
INFO: [ app_begin ] --START--
INFO: Run Behavior\ReadHtmlCacheBehavior [ RunTime:0.000304s ]
SQL: SELECT * FROM `action` WHERE `isAvailable` = 1 AND `name` = 'Home/Index/index' LIMIT 1   [ RunTime:0.0001s ]
SQL: SHOW COLUMNS FROM `action_conf` [ RunTime:0.0004s ]
SQL: SELECT * FROM `action_conf` WHERE ( 1=1 AND action_id='1' ) LIMIT 1   [ RunTime:0.0000s ]
NOTIC: [8] Use of undefined constant ture - assumed 'ture' /var/www/newfunhubu/1/Application/Common/Common/function.php 第 5 行.
INFO: Run Addon\Behaviors\CheckBehavior [ RunTime:0.001998s ]
INFO: [ app_begin ] --END-- [ RunTime:0.002357s ]
INFO: [ view_parse ] --START--
INFO: Run Behavior\ParseTemplateBehavior [ RunTime:0.000091s ]
INFO: [ view_parse ] --END-- [ RunTime:0.000124s ]
INFO: [ view_filter ] --START--
INFO: Run Behavior\WriteHtmlCacheBehavior [ RunTime:0.000080s ]
INFO: [ view_filter ] --END-- [ RunTime:0.000105s ]
INFO: [ app_end ] --START--
INFO: Run Behavior\ShowPageTraceBehavior [ RunTime:0.000281s ]
INFO: [ app_end ] --END-- [ RunTime:0.000308s ]

[ 2015-08-28T16:30:15+08:00 ] 127.0.0.1 /
INFO: [ app_init ] --START--
INFO: Run Behavior\BuildLiteBehavior [ RunTime:0.000013s ]
SQL: SHOW COLUMNS FROM `request` [ RunTime:0.0005s ]
NOTIC: [8] Use of undefined constant IS_POST - assumed 'IS_POST' /var/www/newfunhubu/1/Application/Addon/Behaviors/RequestBehavior.class.php 第 18 行.
NOTIC: [8] Undefined index: query_string /var/www/newfunhubu/1/Application/Addon/Behaviors/RequestBehavior.class.php 第 24 行.
SQL: INSERT INTO `request` (`ip`,`user_agent`,`method`,`uri`,`query_string`) VALUES ('127.0.0.1','curl/7.38.0','GET','/','') [ RunTime:0.0002s ]
INFO: Run Addon\Behaviors\RequestBehavior [ RunTime:0.005688s ]
INFO: [ app_init ] --END-- [ RunTime:0.006002s ]
INFO: [ app_begin ] --START--
INFO: Run Behavior\ReadHtmlCacheBehavior [ RunTime:0.000323s ]
SQL: SELECT * FROM `action` WHERE `isAvailable` = 1 AND `name` = 'Home/Index/index' LIMIT 1   [ RunTime:0.0001s ]
SQL: SHOW COLUMNS FROM `action_conf` [ RunTime:0.0004s ]
SQL: SELECT * FROM `action_conf` WHERE ( 1=1 AND action_id='1' ) LIMIT 1   [ RunTime:0.0000s ]
NOTIC: [8] Use of undefined constant ture - assumed 'ture' /var/www/newfunhubu/1/Application/Common/Common/function.php 第 5 行.
INFO: Run Addon\Behaviors\CheckBehavior [ RunTime:0.001938s ]
INFO: [ app_begin ] --END-- [ RunTime:0.002313s ]
INFO: [ view_parse ] --START--
INFO: Run Behavior\ParseTemplateBehavior [ RunTime:0.000082s ]
INFO: [ view_parse ] --END-- [ RunTime:0.000112s ]
INFO: [ view_filter ] --START--
INFO: Run Behavior\WriteHtmlCacheBehavior [ RunTime:0.000073s ]
INFO: [ view_filter ] --END-- [ RunTime:0.000099s ]
INFO: [ app_end ] --START--
INFO: Run Behavior\ShowPageTraceBehavior [ RunTime:0.000264s ]
INFO: [ app_end ] --END-- [ RunTime:0.000292s ]

[ 2015-08-28T16:58:01+08:00 ] 127.0.0.1 /
INFO: [ app_init ] --START--
INFO: Run Behavior\BuildLiteBehavior [ RunTime:0.000011s ]
SQL: SHOW COLUMNS FROM `request` [ RunTime:0.0004s ]
NOTIC: [8] Use of undefined constant IS_POST - assumed 'IS_POST' /var/www/newfunhubu/1/Application/Addon/Behaviors/RequestBehavior.class.php 第 18 行.
NOTIC: [8] Undefined index: query_string /var/www/newfunhubu/1/Application/Addon/Behaviors/RequestBehavior.class.php 第 24 行.
SQL: INSERT INTO `request` (`ip`,`user_agent`,`method`,`uri`,`query_string`) VALUES ('127.0.0.1','Mozilla/5.0 (X11; Linux x86_64) AppleWebKit/537.36 (KHTML, like Gecko) Chrome/37.0.2062.120 Safari/537.36','GET','/','') [ RunTime:0.0001s ]
INFO: Run Addon\Behaviors\RequestBehavior [ RunTime:0.005337s ]
INFO: [ app_init ] --END-- [ RunTime:0.005548s ]
INFO: [ app_begin ] --START--
INFO: Run Behavior\ReadHtmlCacheBehavior [ RunTime:0.000301s ]
SQL: SELECT * FROM `action` WHERE `isAvailable` = 1 AND `name` = 'Home/Index/index' LIMIT 1   [ RunTime:0.0001s ]
SQL: SHOW COLUMNS FROM `action_conf` [ RunTime:0.0003s ]
SQL: SELECT * FROM `action_conf` WHERE ( 1=1 AND action_id='1' ) LIMIT 1   [ RunTime:0.0001s ]
NOTIC: [8] Use of undefined constant ture - assumed 'ture' /var/www/newfunhubu/1/Application/Common/Common/function.php 第 5 行.
INFO: Run Addon\Behaviors\CheckBehavior [ RunTime:0.001786s ]
INFO: [ app_begin ] --END-- [ RunTime:0.002131s ]
INFO: [ view_parse ] --START--
INFO: Run Behavior\ParseTemplateBehavior [ RunTime:0.000080s ]
INFO: [ view_parse ] --END-- [ RunTime:0.000108s ]
INFO: [ view_filter ] --START--
INFO: Run Behavior\WriteHtmlCacheBehavior [ RunTime:0.000072s ]
INFO: [ view_filter ] --END-- [ RunTime:0.000096s ]
INFO: [ app_end ] --START--
INFO: Run Behavior\ShowPageTraceBehavior [ RunTime:0.000252s ]
INFO: [ app_end ] --END-- [ RunTime:0.000277s ]

[ 2015-08-28T16:58:01+08:00 ] 127.0.0.1 /favicon.ico
INFO: [ app_init ] --START--
INFO: Run Behavior\BuildLiteBehavior [ RunTime:0.000011s ]
SQL: SHOW COLUMNS FROM `request` [ RunTime:0.0004s ]
NOTIC: [8] Use of undefined constant IS_POST - assumed 'IS_POST' /var/www/newfunhubu/1/Application/Addon/Behaviors/RequestBehavior.class.php 第 18 行.
NOTIC: [8] Undefined index: query_string /var/www/newfunhubu/1/Application/Addon/Behaviors/RequestBehavior.class.php 第 24 行.
SQL: INSERT INTO `request` (`ip`,`user_agent`,`method`,`uri`,`query_string`) VALUES ('127.0.0.1','Mozilla/5.0 (X11; Linux x86_64) AppleWebKit/537.36 (KHTML, like Gecko) Chrome/37.0.2062.120 Safari/537.36','GET','/favicon.ico','') [ RunTime:0.0001s ]
INFO: Run Addon\Behaviors\RequestBehavior [ RunTime:0.005378s ]
INFO: [ app_init ] --END-- [ RunTime:0.005585s ]

[ 2015-08-28T17:12:14+08:00 ] 127.0.0.1 /
INFO: [ app_init ] --START--
INFO: Run Behavior\BuildLiteBehavior [ RunTime:0.000010s ]
SQL: SHOW COLUMNS FROM `request` [ RunTime:0.0005s ]
NOTIC: [8] Use of undefined constant IS_POST - assumed 'IS_POST' /var/www/newfunhubu/1/Application/Addon/Behaviors/RequestBehavior.class.php 第 18 行.
NOTIC: [8] Undefined index: query_string /var/www/newfunhubu/1/Application/Addon/Behaviors/RequestBehavior.class.php 第 24 行.
SQL: INSERT INTO `request` (`ip`,`user_agent`,`method`,`uri`,`query_string`) VALUES ('127.0.0.1','Mozilla/5.0 (X11; Linux x86_64) AppleWebKit/537.36 (KHTML, like Gecko) Chrome/37.0.2062.120 Safari/537.36','GET','/','') [ RunTime:0.0001s ]
INFO: Run Addon\Behaviors\RequestBehavior [ RunTime:0.005384s ]
INFO: [ app_init ] --END-- [ RunTime:0.005598s ]
INFO: [ app_begin ] --START--
INFO: Run Behavior\ReadHtmlCacheBehavior [ RunTime:0.000329s ]
SQL: SELECT * FROM `action` WHERE `isAvailable` = 1 AND `name` = 'Home/Index/index' LIMIT 1   [ RunTime:0.0001s ]
SQL: SHOW COLUMNS FROM `action_conf` [ RunTime:0.0003s ]
SQL: SELECT * FROM `action_conf` WHERE ( 1=1 AND action_id='1' ) LIMIT 1   [ RunTime:0.0001s ]
NOTIC: [8] Use of undefined constant ture - assumed 'ture' /var/www/newfunhubu/1/Application/Common/Common/function.php 第 5 行.
INFO: Run Addon\Behaviors\CheckBehavior [ RunTime:0.001831s ]
INFO: [ app_begin ] --END-- [ RunTime:0.002208s ]
INFO: [ view_parse ] --START--
INFO: Run Behavior\ParseTemplateBehavior [ RunTime:0.000087s ]
INFO: [ view_parse ] --END-- [ RunTime:0.000117s ]
INFO: [ view_filter ] --START--
INFO: Run Behavior\WriteHtmlCacheBehavior [ RunTime:0.000078s ]
INFO: [ view_filter ] --END-- [ RunTime:0.000102s ]
INFO: [ app_end ] --START--
INFO: Run Behavior\ShowPageTraceBehavior [ RunTime:0.000295s ]
INFO: [ app_end ] --END-- [ RunTime:0.000327s ]

[ 2015-08-28T17:15:05+08:00 ] 127.0.0.1 /
INFO: [ app_init ] --START--
INFO: Run Behavior\BuildLiteBehavior [ RunTime:0.000011s ]
SQL: SHOW COLUMNS FROM `request` [ RunTime:0.0006s ]
NOTIC: [8] Use of undefined constant IS_POST - assumed 'IS_POST' /var/www/newfunhubu/1/Application/Addon/Behaviors/RequestBehavior.class.php 第 18 行.
NOTIC: [8] Undefined index: query_string /var/www/newfunhubu/1/Application/Addon/Behaviors/RequestBehavior.class.php 第 24 行.
SQL: INSERT INTO `request` (`ip`,`user_agent`,`method`,`uri`,`query_string`) VALUES ('127.0.0.1','Mozilla/5.0 (X11; Linux x86_64) AppleWebKit/537.36 (KHTML, like Gecko) Chrome/37.0.2062.120 Safari/537.36','GET','/','') [ RunTime:0.0002s ]
INFO: Run Addon\Behaviors\RequestBehavior [ RunTime:0.007121s ]
INFO: [ app_init ] --END-- [ RunTime:0.007341s ]
INFO: [ app_begin ] --START--
INFO: Run Behavior\ReadHtmlCacheBehavior [ RunTime:0.000456s ]
SQL: SELECT * FROM `action` WHERE `isAvailable` = 1 AND `name` = 'Home/Index/index' LIMIT 1   [ RunTime:0.0001s ]
SQL: SHOW COLUMNS FROM `action_conf` [ RunTime:0.0004s ]
SQL: SELECT * FROM `action_conf` WHERE ( 1=1 AND action_id='1' ) LIMIT 1   [ RunTime:0.0000s ]
NOTIC: [8] Use of undefined constant ture - assumed 'ture' /var/www/newfunhubu/1/Application/Common/Common/function.php 第 5 行.
INFO: Run Addon\Behaviors\CheckBehavior [ RunTime:0.002369s ]
INFO: [ app_begin ] --END-- [ RunTime:0.002904s ]
INFO: [ view_parse ] --START--
INFO: Run Behavior\ParseTemplateBehavior [ RunTime:0.000086s ]
INFO: [ view_parse ] --END-- [ RunTime:0.000115s ]
INFO: [ view_filter ] --START--
INFO: Run Behavior\WriteHtmlCacheBehavior [ RunTime:0.000085s ]
INFO: [ view_filter ] --END-- [ RunTime:0.000110s ]
INFO: [ app_end ] --START--
INFO: Run Behavior\ShowPageTraceBehavior [ RunTime:0.000274s ]
INFO: [ app_end ] --END-- [ RunTime:0.000299s ]

[ 2015-08-28T17:19:02+08:00 ] 127.0.0.1 /
INFO: [ app_init ] --START--
INFO: Run Behavior\BuildLiteBehavior [ RunTime:0.000011s ]
SQL: SHOW COLUMNS FROM `request` [ RunTime:0.0005s ]
NOTIC: [8] Use of undefined constant IS_POST - assumed 'IS_POST' /var/www/newfunhubu/1/Application/Addon/Behaviors/RequestBehavior.class.php 第 18 行.
NOTIC: [8] Undefined index: query_string /var/www/newfunhubu/1/Application/Addon/Behaviors/RequestBehavior.class.php 第 24 行.
SQL: INSERT INTO `request` (`ip`,`user_agent`,`method`,`uri`,`query_string`) VALUES ('127.0.0.1','Mozilla/5.0 (X11; Linux x86_64) AppleWebKit/537.36 (KHTML, like Gecko) Chrome/37.0.2062.120 Safari/537.36','GET','/','') [ RunTime:0.0002s ]
INFO: Run Addon\Behaviors\RequestBehavior [ RunTime:0.005533s ]
INFO: [ app_init ] --END-- [ RunTime:0.005771s ]
INFO: [ app_begin ] --START--
INFO: Run Behavior\ReadHtmlCacheBehavior [ RunTime:0.000282s ]
SQL: SELECT * FROM `action` WHERE `isAvailable` = 1 AND `name` = 'Home/Index/index' LIMIT 1   [ RunTime:0.0001s ]
SQL: SHOW COLUMNS FROM `action_conf` [ RunTime:0.0004s ]
SQL: SELECT * FROM `action_conf` WHERE ( 1=1 AND action_id='1' ) LIMIT 1   [ RunTime:0.0000s ]
NOTIC: [8] Use of undefined constant ture - assumed 'ture' /var/www/newfunhubu/1/Application/Common/Common/function.php 第 5 行.
INFO: Run Addon\Behaviors\CheckBehavior [ RunTime:0.001825s ]
INFO: [ app_begin ] --END-- [ RunTime:0.002170s ]
INFO: [ view_parse ] --START--
INFO: Run Behavior\ParseTemplateBehavior [ RunTime:0.000093s ]
INFO: [ view_parse ] --END-- [ RunTime:0.000122s ]
INFO: [ view_filter ] --START--
INFO: Run Behavior\WriteHtmlCacheBehavior [ RunTime:0.000074s ]
INFO: [ view_filter ] --END-- [ RunTime:0.000109s ]
INFO: [ app_end ] --START--
INFO: Run Behavior\ShowPageTraceBehavior [ RunTime:0.000254s ]
INFO: [ app_end ] --END-- [ RunTime:0.000281s ]

[ 2015-08-28T17:40:03+08:00 ] 127.0.0.1 /
INFO: [ app_init ] --START--
INFO: Run Behavior\BuildLiteBehavior [ RunTime:0.000012s ]
SQL: SHOW COLUMNS FROM `request` [ RunTime:0.0005s ]
NOTIC: [8] Use of undefined constant IS_POST - assumed 'IS_POST' /var/www/newfunhubu/1/Application/Addon/Behaviors/RequestBehavior.class.php 第 18 行.
NOTIC: [8] Undefined index: query_string /var/www/newfunhubu/1/Application/Addon/Behaviors/RequestBehavior.class.php 第 24 行.
SQL: INSERT INTO `request` (`ip`,`user_agent`,`method`,`uri`,`query_string`) VALUES ('127.0.0.1','Mozilla/5.0 (X11; Linux x86_64; rv:38.0) Gecko/20100101 Firefox/38.0 Iceweasel/38.2.0','GET','/','') [ RunTime:0.0002s ]
INFO: Run Addon\Behaviors\RequestBehavior [ RunTime:0.005979s ]
INFO: [ app_init ] --END-- [ RunTime:0.006213s ]
INFO: [ app_begin ] --START--
INFO: Run Behavior\ReadHtmlCacheBehavior [ RunTime:0.000266s ]
SQL: SELECT * FROM `action` WHERE `isAvailable` = 1 AND `name` = 'Home/Index/index' LIMIT 1   [ RunTime:0.0001s ]
SQL: SHOW COLUMNS FROM `action_conf` [ RunTime:0.0003s ]
SQL: SELECT * FROM `action_conf` WHERE ( 1=1 AND action_id='1' ) LIMIT 1   [ RunTime:0.0000s ]
NOTIC: [8] Use of undefined constant ture - assumed 'ture' /var/www/newfunhubu/1/Application/Common/Common/function.php 第 5 行.
INFO: Run Addon\Behaviors\CheckBehavior [ RunTime:0.001744s ]
INFO: [ app_begin ] --END-- [ RunTime:0.002053s ]
INFO: [ view_parse ] --START--
INFO: Run Behavior\ParseTemplateBehavior [ RunTime:0.000080s ]
INFO: [ view_parse ] --END-- [ RunTime:0.000108s ]
INFO: [ view_filter ] --START--
INFO: Run Behavior\WriteHtmlCacheBehavior [ RunTime:0.000068s ]
INFO: [ view_filter ] --END-- [ RunTime:0.000091s ]
INFO: [ app_end ] --START--
INFO: Run Behavior\ShowPageTraceBehavior [ RunTime:0.000246s ]
INFO: [ app_end ] --END-- [ RunTime:0.000271s ]

