[ 2015-08-27T17:08:43+08:00 ] ::1 /newfunhubu/1/Admin
INFO: [ app_init ] --START--
INFO: Run Behavior\BuildLiteBehavior [ RunTime:0.000017s ]
SQL: SHOW COLUMNS FROM `request` [ RunTime:0.0005s ]
NOTIC: [8] Use of undefined constant IS_POST - assumed 'IS_POST' /var/www/newfunhubu/1/Application/Addon/Behaviors/RequestBehavior.class.php 第 18 行.
NOTIC: [8] Undefined index: query_string /var/www/newfunhubu/1/Application/Addon/Behaviors/RequestBehavior.class.php 第 24 行.
SQL: INSERT INTO `request` (`ip`,`user_agent`,`method`,`uri`,`query_string`) VALUES ('0.0.0.0','Mozilla/5.0 (X11; Linux x86_64; rv:38.0) Gecko/20100101 Firefox/38.0 Iceweasel/38.2.0','GET','/newfunhubu/1/Admin','') [ RunTime:0.0002s ]
INFO: Run Addon\Behaviors\RequestBehavior [ RunTime:0.006422s ]
INFO: [ app_init ] --END-- [ RunTime:0.006771s ]
INFO: [ app_begin ] --START--
INFO: Run Behavior\ReadHtmlCacheBehavior [ RunTime:0.000268s ]
SQL: SELECT * FROM `action` WHERE `isAvailable` = 1 AND `name` = 'Admin/Index/index' LIMIT 1   [ RunTime:0.0002s ]
SQL: SHOW COLUMNS FROM `action_conf` [ RunTime:0.0004s ]
SQL: SELECT * FROM `action_conf` WHERE ( 1=1 AND action_id='3' ) LIMIT 1   [ RunTime:0.0001s ]
NOTIC: [8] Use of undefined constant ture - assumed 'ture' /var/www/newfunhubu/1/Application/Common/Common/function.php 第 5 行.
INFO: Run Addon\Behaviors\CheckBehavior [ RunTime:0.002178s ]
INFO: [ app_begin ] --END-- [ RunTime:0.002502s ]

[ 2015-08-27T17:08:43+08:00 ] ::1 /newfunhubu/1/Admin/Index/login.html
INFO: [ app_init ] --START--
INFO: Run Behavior\BuildLiteBehavior [ RunTime:0.000010s ]
SQL: SHOW COLUMNS FROM `request` [ RunTime:0.0004s ]
NOTIC: [8] Use of undefined constant IS_POST - assumed 'IS_POST' /var/www/newfunhubu/1/Application/Addon/Behaviors/RequestBehavior.class.php 第 18 行.
NOTIC: [8] Undefined index: query_string /var/www/newfunhubu/1/Application/Addon/Behaviors/RequestBehavior.class.php 第 24 行.
SQL: INSERT INTO `request` (`ip`,`user_agent`,`method`,`uri`,`query_string`) VALUES ('0.0.0.0','Mozilla/5.0 (X11; Linux x86_64; rv:38.0) Gecko/20100101 Firefox/38.0 Iceweasel/38.2.0','GET','/newfunhubu/1/Admin/Index/login.html','') [ RunTime:0.0001s ]
INFO: Run Addon\Behaviors\RequestBehavior [ RunTime:0.005359s ]
INFO: [ app_init ] --END-- [ RunTime:0.005557s ]
INFO: [ app_begin ] --START--
INFO: Run Behavior\ReadHtmlCacheBehavior [ RunTime:0.000274s ]
SQL: SELECT * FROM `action` WHERE `isAvailable` = 1 AND `name` = 'Admin/Index/login' LIMIT 1   [ RunTime:0.0002s ]
SQL: SHOW COLUMNS FROM `action_conf` [ RunTime:0.0003s ]
SQL: SELECT * FROM `action_conf` WHERE ( 1=1 AND action_id='4' ) LIMIT 1   [ RunTime:0.0001s ]
NOTIC: [8] Use of undefined constant ture - assumed 'ture' /var/www/newfunhubu/1/Application/Common/Common/function.php 第 5 行.
INFO: Run Addon\Behaviors\CheckBehavior [ RunTime:0.001869s ]
INFO: [ app_begin ] --END-- [ RunTime:0.002188s ]
INFO: [ view_parse ] --START--
INFO: [ template_filter ] --START--
INFO: Run Behavior\ContentReplaceBehavior [ RunTime:0.000021s ]
INFO: [ template_filter ] --END-- [ RunTime:0.000056s ]
INFO: Run Behavior\ParseTemplateBehavior [ RunTime:0.003312s ]
INFO: [ view_parse ] --END-- [ RunTime:0.003349s ]
INFO: [ view_filter ] --START--
INFO: Run Behavior\WriteHtmlCacheBehavior [ RunTime:0.000110s ]
INFO: [ view_filter ] --END-- [ RunTime:0.000137s ]
INFO: [ app_end ] --START--
INFO: Run Behavior\ShowPageTraceBehavior [ RunTime:0.000263s ]
INFO: [ app_end ] --END-- [ RunTime:0.000291s ]

[ 2015-08-27T17:08:43+08:00 ] ::1 /newfunhubu/1/Admin/Index/verify.html
INFO: [ app_init ] --START--
INFO: Run Behavior\BuildLiteBehavior [ RunTime:0.000011s ]
SQL: SHOW COLUMNS FROM `request` [ RunTime:0.0007s ]
NOTIC: [8] Use of undefined constant IS_POST - assumed 'IS_POST' /var/www/newfunhubu/1/Application/Addon/Behaviors/RequestBehavior.class.php 第 18 行.
NOTIC: [8] Undefined index: query_string /var/www/newfunhubu/1/Application/Addon/Behaviors/RequestBehavior.class.php 第 24 行.
SQL: INSERT INTO `request` (`ip`,`user_agent`,`method`,`uri`,`query_string`) VALUES ('0.0.0.0','Mozilla/5.0 (X11; Linux x86_64; rv:38.0) Gecko/20100101 Firefox/38.0 Iceweasel/38.2.0','GET','/newfunhubu/1/Admin/Index/verify.html','') [ RunTime:0.0002s ]
INFO: Run Addon\Behaviors\RequestBehavior [ RunTime:0.005826s ]
INFO: [ app_init ] --END-- [ RunTime:0.006044s ]
INFO: [ app_begin ] --START--
INFO: Run Behavior\ReadHtmlCacheBehavior [ RunTime:0.000288s ]
SQL: SELECT * FROM `action` WHERE `isAvailable` = 1 AND `name` = 'Admin/Index/verify' LIMIT 1   [ RunTime:0.0002s ]
SQL: SHOW COLUMNS FROM `action_conf` [ RunTime:0.0003s ]
SQL: SELECT * FROM `action_conf` WHERE ( 1=1 AND action_id='10' ) LIMIT 1   [ RunTime:0.0001s ]
NOTIC: [8] Use of undefined constant ture - assumed 'ture' /var/www/newfunhubu/1/Application/Common/Common/function.php 第 5 行.
INFO: Run Addon\Behaviors\CheckBehavior [ RunTime:0.002037s ]
INFO: [ app_begin ] --END-- [ RunTime:0.002371s ]
INFO: [ app_end ] --START--
INFO: Run Behavior\ShowPageTraceBehavior [ RunTime:0.000334s ]
INFO: [ app_end ] --END-- [ RunTime:0.000398s ]

