[ 2015-08-29T00:02:23+08:00 ] 127.0.0.1 /Admin/Board/index.html
INFO: [ app_init ] --START--
INFO: Run Behavior\BuildLiteBehavior [ RunTime:0.000013s ]
SQL: SHOW COLUMNS FROM `request` [ RunTime:0.0005s ]
NOTIC: [8] Use of undefined constant IS_POST - assumed 'IS_POST' /var/www/newfunhubu/1/Application/Addon/Behaviors/RequestBehavior.class.php 第 18 行.
NOTIC: [8] Undefined index: query_string /var/www/newfunhubu/1/Application/Addon/Behaviors/RequestBehavior.class.php 第 24 行.
SQL: INSERT INTO `request` (`ip`,`user_agent`,`method`,`uri`,`query_string`) VALUES ('127.0.0.1','Mozilla/5.0 (X11; Linux x86_64; rv:38.0) Gecko/20100101 Firefox/38.0 Iceweasel/38.2.0','GET','/Admin/Board/index.html','') [ RunTime:0.0001s ]
INFO: Run Addon\Behaviors\RequestBehavior [ RunTime:0.005988s ]
INFO: [ app_init ] --END-- [ RunTime:0.006251s ]
INFO: [ app_begin ] --START--
INFO: Run Behavior\ReadHtmlCacheBehavior [ RunTime:0.000322s ]
SQL: SELECT * FROM `action` WHERE `isAvailable` = 1 AND `name` = 'Admin/Board/index' LIMIT 1   [ RunTime:0.0001s ]
SQL: SHOW COLUMNS FROM `action_conf` [ RunTime:0.0005s ]
SQL: SELECT * FROM `action_conf` WHERE ( 1=1 AND action_id='15' ) LIMIT 1   [ RunTime:0.0001s ]
NOTIC: [8] Use of undefined constant ture - assumed 'ture' /var/www/newfunhubu/1/Application/Common/Common/function.php 第 5 行.
INFO: Run Addon\Behaviors\CheckBehavior [ RunTime:0.002718s ]
INFO: [ app_begin ] --END-- [ RunTime:0.003100s ]
INFO: [ view_parse ] --START--
INFO: [ template_filter ] --START--
INFO: Run Behavior\ContentReplaceBehavior [ RunTime:0.000044s ]
INFO: [ template_filter ] --END-- [ RunTime:0.000128s ]
INFO: Run Behavior\ParseTemplateBehavior [ RunTime:0.006279s ]
INFO: [ view_parse ] --END-- [ RunTime:0.006339s ]
INFO: [ view_filter ] --START--
INFO: Run Behavior\WriteHtmlCacheBehavior [ RunTime:0.000153s ]
INFO: [ view_filter ] --END-- [ RunTime:0.000205s ]
INFO: [ app_end ] --START--
INFO: Run Behavior\ShowPageTraceBehavior [ RunTime:0.000467s ]
INFO: [ app_end ] --END-- [ RunTime:0.000523s ]

[ 2015-08-29T00:12:09+08:00 ] 127.0.0.1 /Admin/Board/index.html
INFO: [ app_init ] --START--
INFO: Run Behavior\BuildLiteBehavior [ RunTime:0.000015s ]
SQL: SHOW COLUMNS FROM `request` [ RunTime:0.0005s ]
NOTIC: [8] Use of undefined constant IS_POST - assumed 'IS_POST' /var/www/newfunhubu/1/Application/Addon/Behaviors/RequestBehavior.class.php 第 18 行.
NOTIC: [8] Undefined index: query_string /var/www/newfunhubu/1/Application/Addon/Behaviors/RequestBehavior.class.php 第 24 行.
SQL: INSERT INTO `request` (`ip`,`user_agent`,`method`,`uri`,`query_string`) VALUES ('127.0.0.1','Mozilla/5.0 (X11; Linux x86_64; rv:38.0) Gecko/20100101 Firefox/38.0 Iceweasel/38.2.0','GET','/Admin/Board/index.html','') [ RunTime:0.0002s ]
INFO: Run Addon\Behaviors\RequestBehavior [ RunTime:0.008890s ]
INFO: [ app_init ] --END-- [ RunTime:0.009219s ]
INFO: [ app_begin ] --START--
INFO: Run Behavior\ReadHtmlCacheBehavior [ RunTime:0.000400s ]
SQL: SELECT * FROM `action` WHERE `isAvailable` = 1 AND `name` = 'Admin/Board/index' LIMIT 1   [ RunTime:0.0001s ]
SQL: SHOW COLUMNS FROM `action_conf` [ RunTime:0.0004s ]
SQL: SELECT * FROM `action_conf` WHERE ( 1=1 AND action_id='15' ) LIMIT 1   [ RunTime:0.0001s ]
NOTIC: [8] Use of undefined constant ture - assumed 'ture' /var/www/newfunhubu/1/Application/Common/Common/function.php 第 5 行.
INFO: Run Addon\Behaviors\CheckBehavior [ RunTime:0.002618s ]
INFO: [ app_begin ] --END-- [ RunTime:0.003085s ]
INFO: [ view_parse ] --START--
INFO: [ template_filter ] --START--
INFO: Run Behavior\ContentReplaceBehavior [ RunTime:0.000026s ]
INFO: [ template_filter ] --END-- [ RunTime:0.000074s ]
INFO: Run Behavior\ParseTemplateBehavior [ RunTime:0.004339s ]
INFO: [ view_parse ] --END-- [ RunTime:0.004378s ]
INFO: [ view_filter ] --START--
INFO: Run Behavior\WriteHtmlCacheBehavior [ RunTime:0.000096s ]
INFO: [ view_filter ] --END-- [ RunTime:0.000123s ]
INFO: [ app_end ] --START--
INFO: Run Behavior\ShowPageTraceBehavior [ RunTime:0.000290s ]
INFO: [ app_end ] --END-- [ RunTime:0.000324s ]

[ 2015-08-29T00:12:55+08:00 ] 127.0.0.1 /Admin/
INFO: [ app_init ] --START--
INFO: Run Behavior\BuildLiteBehavior [ RunTime:0.000013s ]
SQL: SHOW COLUMNS FROM `request` [ RunTime:0.0004s ]
NOTIC: [8] Use of undefined constant IS_POST - assumed 'IS_POST' /var/www/newfunhubu/1/Application/Addon/Behaviors/RequestBehavior.class.php 第 18 行.
NOTIC: [8] Undefined index: query_string /var/www/newfunhubu/1/Application/Addon/Behaviors/RequestBehavior.class.php 第 24 行.
SQL: INSERT INTO `request` (`ip`,`user_agent`,`method`,`uri`,`query_string`) VALUES ('127.0.0.1','Mozilla/5.0 (X11; Linux x86_64; rv:38.0) Gecko/20100101 Firefox/38.0 Iceweasel/38.2.0','GET','/Admin/','') [ RunTime:0.0001s ]
INFO: Run Addon\Behaviors\RequestBehavior [ RunTime:0.005914s ]
INFO: [ app_init ] --END-- [ RunTime:0.006178s ]
INFO: [ app_begin ] --START--
INFO: Run Behavior\ReadHtmlCacheBehavior [ RunTime:0.000327s ]
SQL: SELECT * FROM `action` WHERE `isAvailable` = 1 AND `name` = 'Admin/Index/index' LIMIT 1   [ RunTime:0.0001s ]
SQL: SHOW COLUMNS FROM `action_conf` [ RunTime:0.0004s ]
SQL: SELECT * FROM `action_conf` WHERE ( 1=1 AND action_id='3' ) LIMIT 1   [ RunTime:0.0001s ]
NOTIC: [8] Use of undefined constant ture - assumed 'ture' /var/www/newfunhubu/1/Application/Common/Common/function.php 第 5 行.
INFO: Run Addon\Behaviors\CheckBehavior [ RunTime:0.002253s ]
INFO: [ app_begin ] --END-- [ RunTime:0.002631s ]

[ 2015-08-29T00:12:55+08:00 ] 127.0.0.1 /Admin/Index/login.html
INFO: [ app_init ] --START--
INFO: Run Behavior\BuildLiteBehavior [ RunTime:0.000012s ]
SQL: SHOW COLUMNS FROM `request` [ RunTime:0.0004s ]
NOTIC: [8] Use of undefined constant IS_POST - assumed 'IS_POST' /var/www/newfunhubu/1/Application/Addon/Behaviors/RequestBehavior.class.php 第 18 行.
NOTIC: [8] Undefined index: query_string /var/www/newfunhubu/1/Application/Addon/Behaviors/RequestBehavior.class.php 第 24 行.
SQL: INSERT INTO `request` (`ip`,`user_agent`,`method`,`uri`,`query_string`) VALUES ('127.0.0.1','Mozilla/5.0 (X11; Linux x86_64; rv:38.0) Gecko/20100101 Firefox/38.0 Iceweasel/38.2.0','GET','/Admin/Index/login.html','') [ RunTime:0.0001s ]
INFO: Run Addon\Behaviors\RequestBehavior [ RunTime:0.006016s ]
INFO: [ app_init ] --END-- [ RunTime:0.006250s ]
INFO: [ app_begin ] --START--
INFO: Run Behavior\ReadHtmlCacheBehavior [ RunTime:0.000307s ]
SQL: SELECT * FROM `action` WHERE `isAvailable` = 1 AND `name` = 'Admin/Index/login' LIMIT 1   [ RunTime:0.0001s ]
SQL: SHOW COLUMNS FROM `action_conf` [ RunTime:0.0004s ]
SQL: SELECT * FROM `action_conf` WHERE ( 1=1 AND action_id='4' ) LIMIT 1   [ RunTime:0.0000s ]
NOTIC: [8] Use of undefined constant ture - assumed 'ture' /var/www/newfunhubu/1/Application/Common/Common/function.php 第 5 行.
INFO: Run Addon\Behaviors\CheckBehavior [ RunTime:0.002003s ]
INFO: [ app_begin ] --END-- [ RunTime:0.002366s ]
INFO: [ view_parse ] --START--
INFO: [ template_filter ] --START--
INFO: Run Behavior\ContentReplaceBehavior [ RunTime:0.000023s ]
INFO: [ template_filter ] --END-- [ RunTime:0.000065s ]
INFO: Run Behavior\ParseTemplateBehavior [ RunTime:0.003382s ]
INFO: [ view_parse ] --END-- [ RunTime:0.003416s ]
INFO: [ view_filter ] --START--
INFO: Run Behavior\WriteHtmlCacheBehavior [ RunTime:0.000074s ]
INFO: [ view_filter ] --END-- [ RunTime:0.000101s ]
INFO: [ app_end ] --START--
INFO: Run Behavior\ShowPageTraceBehavior [ RunTime:0.000269s ]
INFO: [ app_end ] --END-- [ RunTime:0.000298s ]

[ 2015-08-29T00:12:55+08:00 ] 127.0.0.1 /Admin/Index/verify.html
INFO: [ app_init ] --START--
INFO: Run Behavior\BuildLiteBehavior [ RunTime:0.000012s ]
SQL: SHOW COLUMNS FROM `request` [ RunTime:0.0004s ]
NOTIC: [8] Use of undefined constant IS_POST - assumed 'IS_POST' /var/www/newfunhubu/1/Application/Addon/Behaviors/RequestBehavior.class.php 第 18 行.
NOTIC: [8] Undefined index: query_string /var/www/newfunhubu/1/Application/Addon/Behaviors/RequestBehavior.class.php 第 24 行.
SQL: INSERT INTO `request` (`ip`,`user_agent`,`method`,`uri`,`query_string`) VALUES ('127.0.0.1','Mozilla/5.0 (X11; Linux x86_64; rv:38.0) Gecko/20100101 Firefox/38.0 Iceweasel/38.2.0','GET','/Admin/Index/verify.html','') [ RunTime:0.0001s ]
INFO: Run Addon\Behaviors\RequestBehavior [ RunTime:0.006693s ]
INFO: [ app_init ] --END-- [ RunTime:0.006920s ]
INFO: [ app_begin ] --START--
INFO: Run Behavior\ReadHtmlCacheBehavior [ RunTime:0.000350s ]
SQL: SELECT * FROM `action` WHERE `isAvailable` = 1 AND `name` = 'Admin/Index/verify' LIMIT 1   [ RunTime:0.0001s ]
SQL: SHOW COLUMNS FROM `action_conf` [ RunTime:0.0004s ]
SQL: SELECT * FROM `action_conf` WHERE ( 1=1 AND action_id='10' ) LIMIT 1   [ RunTime:0.0000s ]
NOTIC: [8] Use of undefined constant ture - assumed 'ture' /var/www/newfunhubu/1/Application/Common/Common/function.php 第 5 行.
INFO: Run Addon\Behaviors\CheckBehavior [ RunTime:0.002148s ]
INFO: [ app_begin ] --END-- [ RunTime:0.002555s ]
INFO: [ app_end ] --START--
INFO: Run Behavior\ShowPageTraceBehavior [ RunTime:0.000346s ]
INFO: [ app_end ] --END-- [ RunTime:0.000401s ]

[ 2015-08-29T00:13:09+08:00 ] 127.0.0.1 /Admin/Index/login.html
INFO: [ app_init ] --START--
INFO: Run Behavior\BuildLiteBehavior [ RunTime:0.000017s ]
SQL: SHOW COLUMNS FROM `request` [ RunTime:0.0006s ]
NOTIC: [8] Use of undefined constant IS_POST - assumed 'IS_POST' /var/www/newfunhubu/1/Application/Addon/Behaviors/RequestBehavior.class.php 第 18 行.
NOTIC: [8] Undefined index: query_string /var/www/newfunhubu/1/Application/Addon/Behaviors/RequestBehavior.class.php 第 24 行.
SQL: INSERT INTO `request` (`ip`,`user_agent`,`method`,`uri`,`query_string`) VALUES ('127.0.0.1','Mozilla/5.0 (X11; Linux x86_64; rv:38.0) Gecko/20100101 Firefox/38.0 Iceweasel/38.2.0','POST','/Admin/Index/login.html','username=admin&password=admin&code=hulvb') [ RunTime:0.0002s ]
INFO: Run Addon\Behaviors\RequestBehavior [ RunTime:0.008846s ]
INFO: [ app_init ] --END-- [ RunTime:0.009200s ]
INFO: [ app_begin ] --START--
INFO: Run Behavior\ReadHtmlCacheBehavior [ RunTime:0.000499s ]
SQL: SELECT * FROM `action` WHERE `isAvailable` = 1 AND `name` = 'Admin/Index/login' LIMIT 1   [ RunTime:0.0001s ]
SQL: SHOW COLUMNS FROM `action_conf` [ RunTime:0.0005s ]
SQL: SELECT * FROM `action_conf` WHERE ( 1=1 AND action_id='4' ) LIMIT 1   [ RunTime:0.0001s ]
NOTIC: [8] Use of undefined constant ture - assumed 'ture' /var/www/newfunhubu/1/Application/Common/Common/function.php 第 5 行.
INFO: Run Addon\Behaviors\CheckBehavior [ RunTime:0.003149s ]
INFO: [ app_begin ] --END-- [ RunTime:0.003723s ]
NOTIC: [2048] Declaration of Admin\Model\AdminModel::check() should be compatible with Think\Model::check($value, $rule, $type = 'regex') /var/www/newfunhubu/1/Application/Admin/Model/AdminModel.class.php 第 26 行.
SQL: SELECT * FROM `admin` WHERE `username` = 'admin' AND `password` = '21232f297a57a5a743894a0e4a801fc3' LIMIT 1   [ RunTime:0.0002s ]
SQL: UPDATE `admin` SET `username`='admin',`password`='21232f297a57a5a743894a0e4a801fc3',`update_time`='2015-08-29 00:13:09' WHERE `id` = '1' [ RunTime:0.0001s ]

[ 2015-08-29T00:13:09+08:00 ] 127.0.0.1 /Admin/Index/index.html
INFO: [ app_init ] --START--
INFO: Run Behavior\BuildLiteBehavior [ RunTime:0.000011s ]
SQL: SHOW COLUMNS FROM `request` [ RunTime:0.0004s ]
NOTIC: [8] Use of undefined constant IS_POST - assumed 'IS_POST' /var/www/newfunhubu/1/Application/Addon/Behaviors/RequestBehavior.class.php 第 18 行.
NOTIC: [8] Undefined index: query_string /var/www/newfunhubu/1/Application/Addon/Behaviors/RequestBehavior.class.php 第 24 行.
SQL: INSERT INTO `request` (`ip`,`user_agent`,`method`,`uri`,`query_string`) VALUES ('127.0.0.1','Mozilla/5.0 (X11; Linux x86_64; rv:38.0) Gecko/20100101 Firefox/38.0 Iceweasel/38.2.0','GET','/Admin/Index/index.html','') [ RunTime:0.0001s ]
INFO: Run Addon\Behaviors\RequestBehavior [ RunTime:0.006021s ]
INFO: [ app_init ] --END-- [ RunTime:0.006244s ]
INFO: [ app_begin ] --START--
INFO: Run Behavior\ReadHtmlCacheBehavior [ RunTime:0.000316s ]
SQL: SELECT * FROM `action` WHERE `isAvailable` = 1 AND `name` = 'Admin/Index/index' LIMIT 1   [ RunTime:0.0001s ]
SQL: SHOW COLUMNS FROM `action_conf` [ RunTime:0.0004s ]
SQL: SELECT * FROM `action_conf` WHERE ( 1=1 AND action_id='3' ) LIMIT 1   [ RunTime:0.0000s ]
NOTIC: [8] Use of undefined constant ture - assumed 'ture' /var/www/newfunhubu/1/Application/Common/Common/function.php 第 5 行.
INFO: Run Addon\Behaviors\CheckBehavior [ RunTime:0.001973s ]
INFO: [ app_begin ] --END-- [ RunTime:0.002343s ]
INFO: [ view_parse ] --START--
INFO: [ template_filter ] --START--
INFO: Run Behavior\ContentReplaceBehavior [ RunTime:0.000025s ]
INFO: [ template_filter ] --END-- [ RunTime:0.000074s ]
INFO: Run Behavior\ParseTemplateBehavior [ RunTime:0.003540s ]
INFO: [ view_parse ] --END-- [ RunTime:0.003592s ]
INFO: [ view_filter ] --START--
INFO: Run Behavior\WriteHtmlCacheBehavior [ RunTime:0.000140s ]
INFO: [ view_filter ] --END-- [ RunTime:0.000182s ]
INFO: [ app_end ] --START--
INFO: Run Behavior\ShowPageTraceBehavior [ RunTime:0.000439s ]
INFO: [ app_end ] --END-- [ RunTime:0.000485s ]

[ 2015-08-29T00:13:11+08:00 ] 127.0.0.1 /Admin/Board/index.html
INFO: [ app_init ] --START--
INFO: Run Behavior\BuildLiteBehavior [ RunTime:0.000012s ]
SQL: SHOW COLUMNS FROM `request` [ RunTime:0.0004s ]
NOTIC: [8] Use of undefined constant IS_POST - assumed 'IS_POST' /var/www/newfunhubu/1/Application/Addon/Behaviors/RequestBehavior.class.php 第 18 行.
NOTIC: [8] Undefined index: query_string /var/www/newfunhubu/1/Application/Addon/Behaviors/RequestBehavior.class.php 第 24 行.
SQL: INSERT INTO `request` (`ip`,`user_agent`,`method`,`uri`,`query_string`) VALUES ('127.0.0.1','Mozilla/5.0 (X11; Linux x86_64; rv:38.0) Gecko/20100101 Firefox/38.0 Iceweasel/38.2.0','GET','/Admin/Board/index.html','') [ RunTime:0.0001s ]
INFO: Run Addon\Behaviors\RequestBehavior [ RunTime:0.006025s ]
INFO: [ app_init ] --END-- [ RunTime:0.006330s ]
INFO: [ app_begin ] --START--
INFO: Run Behavior\ReadHtmlCacheBehavior [ RunTime:0.000332s ]
SQL: SELECT * FROM `action` WHERE `isAvailable` = 1 AND `name` = 'Admin/Board/index' LIMIT 1   [ RunTime:0.0001s ]
SQL: SHOW COLUMNS FROM `action_conf` [ RunTime:0.0004s ]
SQL: SELECT * FROM `action_conf` WHERE ( 1=1 AND action_id='15' ) LIMIT 1   [ RunTime:0.0000s ]
NOTIC: [8] Use of undefined constant ture - assumed 'ture' /var/www/newfunhubu/1/Application/Common/Common/function.php 第 5 行.
INFO: Run Addon\Behaviors\CheckBehavior [ RunTime:0.001985s ]
INFO: [ app_begin ] --END-- [ RunTime:0.002372s ]
INFO: [ view_parse ] --START--
INFO: [ template_filter ] --START--
INFO: Run Behavior\ContentReplaceBehavior [ RunTime:0.000039s ]
INFO: [ template_filter ] --END-- [ RunTime:0.000112s ]
INFO: Run Behavior\ParseTemplateBehavior [ RunTime:0.004822s ]
INFO: [ view_parse ] --END-- [ RunTime:0.004865s ]
INFO: [ view_filter ] --START--
INFO: Run Behavior\WriteHtmlCacheBehavior [ RunTime:0.000097s ]
INFO: [ view_filter ] --END-- [ RunTime:0.000125s ]
INFO: [ app_end ] --START--
INFO: Run Behavior\ShowPageTraceBehavior [ RunTime:0.000291s ]
INFO: [ app_end ] --END-- [ RunTime:0.000321s ]

[ 2015-08-29T00:13:21+08:00 ] 127.0.0.1 /Admin/Index/index.html
INFO: [ app_init ] --START--
INFO: Run Behavior\BuildLiteBehavior [ RunTime:0.000012s ]
SQL: SHOW COLUMNS FROM `request` [ RunTime:0.0004s ]
NOTIC: [8] Use of undefined constant IS_POST - assumed 'IS_POST' /var/www/newfunhubu/1/Application/Addon/Behaviors/RequestBehavior.class.php 第 18 行.
NOTIC: [8] Undefined index: query_string /var/www/newfunhubu/1/Application/Addon/Behaviors/RequestBehavior.class.php 第 24 行.
SQL: INSERT INTO `request` (`ip`,`user_agent`,`method`,`uri`,`query_string`) VALUES ('127.0.0.1','Mozilla/5.0 (X11; Linux x86_64; rv:38.0) Gecko/20100101 Firefox/38.0 Iceweasel/38.2.0','GET','/Admin/Index/index.html','') [ RunTime:0.0001s ]
INFO: Run Addon\Behaviors\RequestBehavior [ RunTime:0.005946s ]
INFO: [ app_init ] --END-- [ RunTime:0.006193s ]
INFO: [ app_begin ] --START--
INFO: Run Behavior\ReadHtmlCacheBehavior [ RunTime:0.000326s ]
SQL: SELECT * FROM `action` WHERE `isAvailable` = 1 AND `name` = 'Admin/Index/index' LIMIT 1   [ RunTime:0.0001s ]
SQL: SHOW COLUMNS FROM `action_conf` [ RunTime:0.0004s ]
SQL: SELECT * FROM `action_conf` WHERE ( 1=1 AND action_id='3' ) LIMIT 1   [ RunTime:0.0001s ]
NOTIC: [8] Use of undefined constant ture - assumed 'ture' /var/www/newfunhubu/1/Application/Common/Common/function.php 第 5 行.
INFO: Run Addon\Behaviors\CheckBehavior [ RunTime:0.001987s ]
INFO: [ app_begin ] --END-- [ RunTime:0.002368s ]
INFO: [ view_parse ] --START--
INFO: [ template_filter ] --START--
INFO: Run Behavior\ContentReplaceBehavior [ RunTime:0.000023s ]
INFO: [ template_filter ] --END-- [ RunTime:0.000069s ]
INFO: Run Behavior\ParseTemplateBehavior [ RunTime:0.003377s ]
INFO: [ view_parse ] --END-- [ RunTime:0.003411s ]
INFO: [ view_filter ] --START--
INFO: Run Behavior\WriteHtmlCacheBehavior [ RunTime:0.000080s ]
INFO: [ view_filter ] --END-- [ RunTime:0.000105s ]
INFO: [ app_end ] --START--
INFO: Run Behavior\ShowPageTraceBehavior [ RunTime:0.000282s ]
INFO: [ app_end ] --END-- [ RunTime:0.000311s ]

[ 2015-08-29T00:13:23+08:00 ] 127.0.0.1 /Admin/Board/index.html
INFO: [ app_init ] --START--
INFO: Run Behavior\BuildLiteBehavior [ RunTime:0.000018s ]
SQL: SHOW COLUMNS FROM `request` [ RunTime:0.0005s ]
NOTIC: [8] Use of undefined constant IS_POST - assumed 'IS_POST' /var/www/newfunhubu/1/Application/Addon/Behaviors/RequestBehavior.class.php 第 18 行.
NOTIC: [8] Undefined index: query_string /var/www/newfunhubu/1/Application/Addon/Behaviors/RequestBehavior.class.php 第 24 行.
SQL: INSERT INTO `request` (`ip`,`user_agent`,`method`,`uri`,`query_string`) VALUES ('127.0.0.1','Mozilla/5.0 (X11; Linux x86_64; rv:38.0) Gecko/20100101 Firefox/38.0 Iceweasel/38.2.0','GET','/Admin/Board/index.html','') [ RunTime:0.0002s ]
INFO: Run Addon\Behaviors\RequestBehavior [ RunTime:0.008928s ]
INFO: [ app_init ] --END-- [ RunTime:0.009277s ]
INFO: [ app_begin ] --START--
INFO: Run Behavior\ReadHtmlCacheBehavior [ RunTime:0.000451s ]
SQL: SELECT * FROM `action` WHERE `isAvailable` = 1 AND `name` = 'Admin/Board/index' LIMIT 1   [ RunTime:0.0001s ]
SQL: SHOW COLUMNS FROM `action_conf` [ RunTime:0.0004s ]
SQL: SELECT * FROM `action_conf` WHERE ( 1=1 AND action_id='15' ) LIMIT 1   [ RunTime:0.0001s ]
NOTIC: [8] Use of undefined constant ture - assumed 'ture' /var/www/newfunhubu/1/Application/Common/Common/function.php 第 5 行.
INFO: Run Addon\Behaviors\CheckBehavior [ RunTime:0.002884s ]
INFO: [ app_begin ] --END-- [ RunTime:0.003416s ]
INFO: [ view_parse ] --START--
INFO: [ template_filter ] --START--
INFO: Run Behavior\ContentReplaceBehavior [ RunTime:0.000035s ]
INFO: [ template_filter ] --END-- [ RunTime:0.000104s ]
INFO: Run Behavior\ParseTemplateBehavior [ RunTime:0.006546s ]
INFO: [ view_parse ] --END-- [ RunTime:0.006604s ]
INFO: [ view_filter ] --START--
INFO: Run Behavior\WriteHtmlCacheBehavior [ RunTime:0.000126s ]
INFO: [ view_filter ] --END-- [ RunTime:0.000171s ]
INFO: [ app_end ] --START--
INFO: Run Behavior\ShowPageTraceBehavior [ RunTime:0.000425s ]
INFO: [ app_end ] --END-- [ RunTime:0.000473s ]

[ 2015-08-29T00:13:29+08:00 ] 127.0.0.1 /Admin/Index/index.html
INFO: [ app_init ] --START--
INFO: Run Behavior\BuildLiteBehavior [ RunTime:0.000014s ]
SQL: SHOW COLUMNS FROM `request` [ RunTime:0.0004s ]
NOTIC: [8] Use of undefined constant IS_POST - assumed 'IS_POST' /var/www/newfunhubu/1/Application/Addon/Behaviors/RequestBehavior.class.php 第 18 行.
NOTIC: [8] Undefined index: query_string /var/www/newfunhubu/1/Application/Addon/Behaviors/RequestBehavior.class.php 第 24 行.
SQL: INSERT INTO `request` (`ip`,`user_agent`,`method`,`uri`,`query_string`) VALUES ('127.0.0.1','Mozilla/5.0 (X11; Linux x86_64; rv:38.0) Gecko/20100101 Firefox/38.0 Iceweasel/38.2.0','GET','/Admin/Index/index.html','') [ RunTime:0.0002s ]
INFO: Run Addon\Behaviors\RequestBehavior [ RunTime:0.005897s ]
INFO: [ app_init ] --END-- [ RunTime:0.006209s ]
INFO: [ app_begin ] --START--
INFO: Run Behavior\ReadHtmlCacheBehavior [ RunTime:0.000307s ]
SQL: SELECT * FROM `action` WHERE `isAvailable` = 1 AND `name` = 'Admin/Index/index' LIMIT 1   [ RunTime:0.0001s ]
SQL: SHOW COLUMNS FROM `action_conf` [ RunTime:0.0004s ]
SQL: SELECT * FROM `action_conf` WHERE ( 1=1 AND action_id='3' ) LIMIT 1   [ RunTime:0.0000s ]
NOTIC: [8] Use of undefined constant ture - assumed 'ture' /var/www/newfunhubu/1/Application/Common/Common/function.php 第 5 行.
INFO: Run Addon\Behaviors\CheckBehavior [ RunTime:0.001956s ]
INFO: [ app_begin ] --END-- [ RunTime:0.002316s ]
INFO: [ view_parse ] --START--
INFO: [ template_filter ] --START--
INFO: Run Behavior\ContentReplaceBehavior [ RunTime:0.000024s ]
INFO: [ template_filter ] --END-- [ RunTime:0.000067s ]
INFO: Run Behavior\ParseTemplateBehavior [ RunTime:0.003358s ]
INFO: [ view_parse ] --END-- [ RunTime:0.003393s ]
INFO: [ view_filter ] --START--
INFO: Run Behavior\WriteHtmlCacheBehavior [ RunTime:0.000079s ]
INFO: [ view_filter ] --END-- [ RunTime:0.000104s ]
INFO: [ app_end ] --START--
INFO: Run Behavior\ShowPageTraceBehavior [ RunTime:0.000277s ]
INFO: [ app_end ] --END-- [ RunTime:0.000306s ]

[ 2015-08-29T00:13:32+08:00 ] 127.0.0.1 /Admin/Board/index.html
INFO: [ app_init ] --START--
INFO: Run Behavior\BuildLiteBehavior [ RunTime:0.000015s ]
SQL: SHOW COLUMNS FROM `request` [ RunTime:0.0005s ]
NOTIC: [8] Use of undefined constant IS_POST - assumed 'IS_POST' /var/www/newfunhubu/1/Application/Addon/Behaviors/RequestBehavior.class.php 第 18 行.
NOTIC: [8] Undefined index: query_string /var/www/newfunhubu/1/Application/Addon/Behaviors/RequestBehavior.class.php 第 24 行.
SQL: INSERT INTO `request` (`ip`,`user_agent`,`method`,`uri`,`query_string`) VALUES ('127.0.0.1','Mozilla/5.0 (X11; Linux x86_64; rv:38.0) Gecko/20100101 Firefox/38.0 Iceweasel/38.2.0','GET','/Admin/Board/index.html','') [ RunTime:0.0001s ]
INFO: Run Addon\Behaviors\RequestBehavior [ RunTime:0.007680s ]
INFO: [ app_init ] --END-- [ RunTime:0.007999s ]
INFO: [ app_begin ] --START--
INFO: Run Behavior\ReadHtmlCacheBehavior [ RunTime:0.000301s ]
SQL: SELECT * FROM `action` WHERE `isAvailable` = 1 AND `name` = 'Admin/Board/index' LIMIT 1   [ RunTime:0.0001s ]
SQL: SHOW COLUMNS FROM `action_conf` [ RunTime:0.0004s ]
SQL: SELECT * FROM `action_conf` WHERE ( 1=1 AND action_id='15' ) LIMIT 1   [ RunTime:0.0000s ]
NOTIC: [8] Use of undefined constant ture - assumed 'ture' /var/www/newfunhubu/1/Application/Common/Common/function.php 第 5 行.
INFO: Run Addon\Behaviors\CheckBehavior [ RunTime:0.001950s ]
INFO: [ app_begin ] --END-- [ RunTime:0.002304s ]
INFO: [ view_parse ] --START--
INFO: [ template_filter ] --START--
INFO: Run Behavior\ContentReplaceBehavior [ RunTime:0.000025s ]
INFO: [ template_filter ] --END-- [ RunTime:0.000072s ]
INFO: Run Behavior\ParseTemplateBehavior [ RunTime:0.004164s ]
INFO: [ view_parse ] --END-- [ RunTime:0.004202s ]
INFO: [ view_filter ] --START--
INFO: Run Behavior\WriteHtmlCacheBehavior [ RunTime:0.000090s ]
INFO: [ view_filter ] --END-- [ RunTime:0.000118s ]
INFO: [ app_end ] --START--
INFO: Run Behavior\ShowPageTraceBehavior [ RunTime:0.000311s ]
INFO: [ app_end ] --END-- [ RunTime:0.000341s ]

[ 2015-08-29T00:15:11+08:00 ] 127.0.0.1 /Admin/Board/index.html
INFO: [ app_init ] --START--
INFO: Run Behavior\BuildLiteBehavior [ RunTime:0.000012s ]
SQL: SHOW COLUMNS FROM `request` [ RunTime:0.0005s ]
NOTIC: [8] Use of undefined constant IS_POST - assumed 'IS_POST' /var/www/newfunhubu/1/Application/Addon/Behaviors/RequestBehavior.class.php 第 18 行.
NOTIC: [8] Undefined index: query_string /var/www/newfunhubu/1/Application/Addon/Behaviors/RequestBehavior.class.php 第 24 行.
SQL: INSERT INTO `request` (`ip`,`user_agent`,`method`,`uri`,`query_string`) VALUES ('127.0.0.1','Mozilla/5.0 (X11; Linux x86_64; rv:38.0) Gecko/20100101 Firefox/38.0 Iceweasel/38.2.0','GET','/Admin/Board/index.html','') [ RunTime:0.0001s ]
INFO: Run Addon\Behaviors\RequestBehavior [ RunTime:0.005964s ]
INFO: [ app_init ] --END-- [ RunTime:0.006199s ]
INFO: [ app_begin ] --START--
INFO: Run Behavior\ReadHtmlCacheBehavior [ RunTime:0.000315s ]
SQL: SELECT * FROM `action` WHERE `isAvailable` = 1 AND `name` = 'Admin/Board/index' LIMIT 1   [ RunTime:0.0001s ]
SQL: SHOW COLUMNS FROM `action_conf` [ RunTime:0.0004s ]
SQL: SELECT * FROM `action_conf` WHERE ( 1=1 AND action_id='15' ) LIMIT 1   [ RunTime:0.0001s ]
NOTIC: [8] Use of undefined constant ture - assumed 'ture' /var/www/newfunhubu/1/Application/Common/Common/function.php 第 5 行.
INFO: Run Addon\Behaviors\CheckBehavior [ RunTime:0.002092s ]
INFO: [ app_begin ] --END-- [ RunTime:0.002463s ]
INFO: [ view_parse ] --START--
INFO: [ template_filter ] --START--
INFO: Run Behavior\ContentReplaceBehavior [ RunTime:0.000027s ]
INFO: [ template_filter ] --END-- [ RunTime:0.000076s ]
INFO: Run Behavior\ParseTemplateBehavior [ RunTime:0.004289s ]
INFO: [ view_parse ] --END-- [ RunTime:0.004328s ]
INFO: [ view_filter ] --START--
INFO: Run Behavior\WriteHtmlCacheBehavior [ RunTime:0.000092s ]
INFO: [ view_filter ] --END-- [ RunTime:0.000120s ]
INFO: [ app_end ] --START--
INFO: Run Behavior\ShowPageTraceBehavior [ RunTime:0.000283s ]
INFO: [ app_end ] --END-- [ RunTime:0.000312s ]

[ 2015-08-29T00:15:29+08:00 ] 127.0.0.1 /Admin/Board/index.html
INFO: [ app_init ] --START--
INFO: Run Behavior\BuildLiteBehavior [ RunTime:0.000011s ]
SQL: SHOW COLUMNS FROM `request` [ RunTime:0.0004s ]
NOTIC: [8] Use of undefined constant IS_POST - assumed 'IS_POST' /var/www/newfunhubu/1/Application/Addon/Behaviors/RequestBehavior.class.php 第 18 行.
NOTIC: [8] Undefined index: query_string /var/www/newfunhubu/1/Application/Addon/Behaviors/RequestBehavior.class.php 第 24 行.
SQL: INSERT INTO `request` (`ip`,`user_agent`,`method`,`uri`,`query_string`) VALUES ('127.0.0.1','Mozilla/5.0 (X11; Linux x86_64; rv:38.0) Gecko/20100101 Firefox/38.0 Iceweasel/38.2.0','GET','/Admin/Board/index.html','') [ RunTime:0.0001s ]
INFO: Run Addon\Behaviors\RequestBehavior [ RunTime:0.006272s ]
INFO: [ app_init ] --END-- [ RunTime:0.006556s ]
INFO: [ app_begin ] --START--
INFO: Run Behavior\ReadHtmlCacheBehavior [ RunTime:0.000301s ]
SQL: SELECT * FROM `action` WHERE `isAvailable` = 1 AND `name` = 'Admin/Board/index' LIMIT 1   [ RunTime:0.0001s ]
SQL: SHOW COLUMNS FROM `action_conf` [ RunTime:0.0004s ]
SQL: SELECT * FROM `action_conf` WHERE ( 1=1 AND action_id='15' ) LIMIT 1   [ RunTime:0.0001s ]
NOTIC: [8] Use of undefined constant ture - assumed 'ture' /var/www/newfunhubu/1/Application/Common/Common/function.php 第 5 行.
INFO: Run Addon\Behaviors\CheckBehavior [ RunTime:0.002113s ]
INFO: [ app_begin ] --END-- [ RunTime:0.002479s ]
INFO: [ view_parse ] --START--
INFO: [ template_filter ] --START--
INFO: Run Behavior\ContentReplaceBehavior [ RunTime:0.000042s ]
INFO: [ template_filter ] --END-- [ RunTime:0.000131s ]
INFO: Run Behavior\ParseTemplateBehavior [ RunTime:0.007122s ]
INFO: [ view_parse ] --END-- [ RunTime:0.007189s ]
INFO: [ view_filter ] --START--
INFO: Run Behavior\WriteHtmlCacheBehavior [ RunTime:0.000141s ]
INFO: [ view_filter ] --END-- [ RunTime:0.000221s ]
INFO: [ app_end ] --START--
INFO: Run Behavior\ShowPageTraceBehavior [ RunTime:0.000441s ]
INFO: [ app_end ] --END-- [ RunTime:0.000494s ]

